<?xml version="1.0" encoding="UTF-8"?>
<testsuite xmlns:xsi="http://www.w3.org/2001/XMLSchema-instance" xsi:schemaLocation="https://maven.apache.org/surefire/maven-surefire-plugin/xsd/surefire-test-report.xsd" name="com.flooring_mastery.service.FlooringMasteryServiceLayerImplTest" time="0.123" tests="4" errors="0" skipped="0" failures="0">
  <properties>
[...]
</properties>
  <testcase name="testGetOrder" classname="com.flooring_mastery.service.FlooringMasteryServiceLayerImplTest" time="0.038"/>
  <testcase name="testRemoveOrder" classname="com.flooring_mastery.service.FlooringMasteryServiceLayerImplTest" time="0.026"/>
  <testcase name="testAddGetAllOrders" classname="com.flooring_mastery.service.FlooringMasteryServiceLayerImplTest" time="0.002"/>
  <testcase name="testCreateOrderInvalidData" classname="com.flooring_mastery.service.FlooringMasteryServiceLayerImplTest" time="0.002"/>
</testsuite>